Using pre-set license
Built from '2021.3/release' branch; Version is '2021.3.17f1 (3e8111cac19d) revision 4096273'; Using compiler version '192829333'; Build Type 'Release'
OS: 'Windows 11  (10.0.22621) 64bit CoreCountrySpecific' Language: 'zh' Physical Memory: 32388 MB
BatchMode: 1, IsHumanControllingUs: 0, StartBugReporterOnCrash: 0, Is64bit: 1, IsPro: 1

COMMAND LINE ARGUMENTS:
D:\Unity\2021.3.17f1\Editor\Unity.exe
-adb2
-batchMode
-noUpm
-name
AssetImportWorker0
-projectPath
C:/Users/AgnesTachyon/My project
-logFile
Logs/AssetImportWorker0.log
-srvPort
8623
Successfully changed project path to: C:/Users/AgnesTachyon/My project
C:/Users/AgnesTachyon/My project
[UnityMemory] Configuration Parameters - Can be set up in boot.config
    "memorysetup-bucket-allocator-granularity=16"
    "memorysetup-bucket-allocator-bucket-count=8"
    "memorysetup-bucket-allocator-block-size=33554432"
    "memorysetup-bucket-allocator-block-count=8"
    "memorysetup-main-allocator-block-size=16777216"
    "memorysetup-thread-allocator-block-size=16777216"
    "memorysetup-gfx-main-allocator-block-size=16777216"
    "memorysetup-gfx-thread-allocator-block-size=16777216"
    "memorysetup-cache-allocator-block-size=4194304"
    "memorysetup-typetree-allocator-block-size=2097152"
    "memorysetup-profiler-bucket-allocator-granularity=16"
    "memorysetup-profiler-bucket-allocator-bucket-count=8"
    "memorysetup-profiler-bucket-allocator-block-size=33554432"
    "memorysetup-profiler-bucket-allocator-block-count=8"
    "memorysetup-profiler-allocator-block-size=16777216"
    "memorysetup-profiler-editor-allocator-block-size=1048576"
    "memorysetup-temp-allocator-size-main=16777216"
    "memorysetup-job-temp-allocator-block-size=2097152"
    "memorysetup-job-temp-allocator-block-size-background=1048576"
    "memorysetup-job-temp-allocator-reduction-small-platforms=262144"
    "memorysetup-temp-allocator-size-background-worker=32768"
    "memorysetup-temp-allocator-size-job-worker=262144"
    "memorysetup-temp-allocator-size-preload-manager=33554432"
    "memorysetup-temp-allocator-size-nav-mesh-worker=65536"
    "memorysetup-temp-allocator-size-audio-worker=65536"
    "memorysetup-temp-allocator-size-cloud-worker=32768"
    "memorysetup-temp-allocator-size-gi-baking-worker=262144"
    "memorysetup-temp-allocator-size-gfx=262144"
Player connection [118984] Host "[IP] 192.168.68.114 [Port] 0 [Flags] 2 [Guid] 927117258 [EditorId] 927117258 [Version] 1048832 [Id] WindowsEditor(7,牢固数字化意识) [Debug] 1 [PackageName] WindowsEditor [ProjectName] Editor" joined multi-casting on [225.0.0.222:54997]...

Player connection [118984] Host "[IP] 192.168.68.114 [Port] 0 [Flags] 2 [Guid] 927117258 [EditorId] 927117258 [Version] 1048832 [Id] WindowsEditor(7,牢固数字化意识) [Debug] 1 [PackageName] WindowsEditor [ProjectName] Editor" joined alternative multi-casting on [225.0.0.222:34997]...

Refreshing native plugins compatible for Editor in 55.47 ms, found 3 plugins.
Preloading 0 native plugins for Editor in 0.00 ms.
Initialize engine version: 2021.3.17f1 (3e8111cac19d)
[Subsystems] Discovering subsystems at path D:/Unity/2021.3.17f1/Editor/Data/Resources/UnitySubsystems
[Subsystems] Discovering subsystems at path C:/Users/AgnesTachyon/My project/Assets
GfxDevice: creating device client; threaded=0; jobified=0
Direct3D:
    Version:  Direct3D 11.0 [level 11.1]
    Renderer: NVIDIA GeForce RTX 3060 Laptop GPU (ID=0x2520)
    Vendor:   NVIDIA
    VRAM:     6023 MB
    Driver:   31.0.15.1691
Initialize mono
Mono path[0] = 'D:/Unity/2021.3.17f1/Editor/Data/Managed'
Mono path[1] = 'D:/Unity/2021.3.17f1/Editor/Data/MonoBleedingEdge/lib/mono/unityjit-win32'
Mono config path = 'D:/Unity/2021.3.17f1/Editor/Data/MonoBleedingEdge/etc'
Using monoOptions --debugger-agent=transport=dt_socket,embedding=1,server=y,suspend=n,address=127.0.0.1:56296
Begin MonoManager ReloadAssembly
Registering precompiled unity dll's ...
Register platform support module: D:/Unity/2021.3.17f1/Editor/Data/PlaybackEngines/WindowsStandaloneSupport/UnityEditor.WindowsStandalone.Extensions.dll
Registered in 0.001303 seconds.
Native extension for WindowsStandalone target not found
Refreshing native plugins compatible for Editor in 59.05 ms, found 3 plugins.
Preloading 0 native plugins for Editor in 0.00 ms.
Mono: successfully reloaded assembly
- Completed reload, in  0.455 seconds
Domain Reload Profiling:
	ReloadAssembly (455ms)
		BeginReloadAssembly (45ms)
			ExecutionOrderSort (0ms)
			DisableScriptedObjects (0ms)
			BackupInstance (0ms)
			ReleaseScriptingObjects (0ms)
			CreateAndSetChildDomain (1ms)
		EndReloadAssembly (332ms)
			LoadAssemblies (45ms)
			RebuildTransferFunctionScriptingTraits (0ms)
			SetupTypeCache (76ms)
			ReleaseScriptCaches (0ms)
			RebuildScriptCaches (19ms)
			SetupLoadedEditorAssemblies (202ms)
				LogAssemblyErrors (0ms)
				InitializePlatformSupportModulesInManaged (5ms)
				SetLoadedEditorAssemblies (0ms)
				RefreshPlugins (59ms)
				BeforeProcessingInitializeOnLoad (1ms)
				ProcessInitializeOnLoadAttributes (104ms)
				ProcessInitializeOnLoadMethodAttributes (33ms)
				AfterProcessingInitializeOnLoad (0ms)
				EditorAssembliesLoaded (0ms)
			ExecutionOrderSort2 (0ms)
			AwakeInstancesAfterBackupRestoration (0ms)
Platform modules already initialized, skipping
Registering precompiled user dll's ...
Registered in 0.003073 seconds.
Begin MonoManager ReloadAssembly
Symbol file LoadedFromMemory doesn't match image C:\Users\AgnesTachyon\My project\Library\PackageCache\com.unity.visualscripting@1.8.0\Editor\VisualScripting.Core\Dependencies\YamlDotNet\Unity.VisualScripting.YamlDotNet.dll
Symbol file LoadedFromMemory doesn't match image C:\Users\AgnesTachyon\My project\Library\PackageCache\com.unity.visualscripting@1.8.0\Editor\VisualScripting.Core\Dependencies\DotNetZip\Unity.VisualScripting.IonicZip.dll
Native extension for WindowsStandalone target not found
Refreshing native plugins compatible for Editor in 0.42 ms, found 3 plugins.
Preloading 0 native plugins for Editor in 0.00 ms.
Mono: successfully reloaded assembly
- Completed reload, in  0.754 seconds
Domain Reload Profiling:
	ReloadAssembly (755ms)
		BeginReloadAssembly (74ms)
			ExecutionOrderSort (0ms)
			DisableScriptedObjects (4ms)
			BackupInstance (0ms)
			ReleaseScriptingObjects (0ms)
			CreateAndSetChildDomain (15ms)
		EndReloadAssembly (601ms)
			LoadAssemblies (52ms)
			RebuildTransferFunctionScriptingTraits (0ms)
			SetupTypeCache (197ms)
			ReleaseScriptCaches (0ms)
			RebuildScriptCaches (37ms)
			SetupLoadedEditorAssemblies (278ms)
				LogAssemblyErrors (0ms)
				InitializePlatformSupportModulesInManaged (3ms)
				SetLoadedEditorAssemblies (0ms)
				RefreshPlugins (0ms)
				BeforeProcessingInitializeOnLoad (57ms)
				ProcessInitializeOnLoadAttributes (190ms)
				ProcessInitializeOnLoadMethodAttributes (25ms)
				AfterProcessingInitializeOnLoad (2ms)
				EditorAssembliesLoaded (0ms)
			ExecutionOrderSort2 (0ms)
			AwakeInstancesAfterBackupRestoration (6ms)
Platform modules already initialized, skipping
========================================================================
Worker process is ready to serve import requests
Launched and connected shader compiler UnityShaderCompiler.exe after 0.11 seconds
Refreshing native plugins compatible for Editor in 0.50 ms, found 3 plugins.
Preloading 0 native plugins for Editor in 0.00 ms.
Unloading 3450 Unused Serialized files (Serialized files now loaded: 0)
Unloading 27 unused Assets / (113.5 KB). Loaded Objects now: 3908.
Memory consumption went from 120.0 MB to 119.9 MB.
Total: 2.473800 ms (FindLiveObjects: 0.182700 ms CreateObjectMapping: 0.087600 ms MarkObjects: 2.115500 ms  DeleteObjects: 0.087200 ms)

AssetImportParameters requested are different than current active one (requested -> active):
  custom:video-decoder-ogg-theora: a1e56fd34408186e4bbccfd4996cb3dc -> 
  custom:container-muxer-webm: aa71ff27fc2769a1b78a27578f13a17b -> 
  custom:container-demuxer-webm: 4f35f7cbe854078d1ac9338744f61a02 -> 
  custom:video-encoder-webm-vp8: eb34c28f22e8b96e1ab97ce403110664 -> 
  custom:video-codec-MediaFoundation-h265: 746d11721c4dcdbdad8f713fa42b33f4 -> 
  custom:audio-encoder-webm-vorbis: bf7c407c2cedff20999df2af8eb42d56 -> 
  custom:framework-win-MediaFoundation: 216162199b28c13a410421893ffa2e32 -> 
  custom:container-demuxer-ogg: 62fdf1f143b41e24485cea50d1cbac27 -> 
  custom:video-decoder-webm-vp8: 9c59270c3fd7afecdb556c50c9e8de78 -> 
  custom:audio-decoder-ogg-vorbis: bf7c407c2cedff20999df2af8eb42d56 -> 
========================================================================
Received Import Request.
  Time since last request: 269527.188141 seconds.
  path: Assets/Prefabs/Furniture/Source/Mesh
  artifactKey: Guid(a75cd096ba6166b4fbf6465f078b327c) Importer(815301076,1909f56bfc062723c751e8b465ee728b)
Start importing Assets/Prefabs/Furniture/Source/Mesh using Guid(a75cd096ba6166b4fbf6465f078b327c) Importer(815301076,1909f56bfc062723c751e8b465ee728b)  -> (artifact id: '99e8eacd3bcfa11bf8622f258f632ed4') in 0.010436 seconds 
========================================================================
Received Import Request.
  Time since last request: 30.589164 seconds.
  path: Assets/Prefabs/Furniture/Source/Textures
  artifactKey: Guid(52b68a6689131c2418c05d4f38f696e4) Importer(815301076,1909f56bfc062723c751e8b465ee728b)
Start importing Assets/Prefabs/Furniture/Source/Textures using Guid(52b68a6689131c2418c05d4f38f696e4) Importer(815301076,1909f56bfc062723c751e8b465ee728b)  -> (artifact id: '916454bd40d5b60a68bf55c783314a3e') in 0.006417 seconds 
========================================================================
Received Import Request.
  Time since last request: 0.048595 seconds.
  path: Assets/Prefabs/Furniture/Source/Textures/chair_chair_Albedo.tga
  artifactKey: Guid(4ba86f10635d7034cac10dda5fb0e27e) Importer(815301076,1909f56bfc062723c751e8b465ee728b)
Start importing Assets/Prefabs/Furniture/Source/Textures/chair_chair_Albedo.tga using Guid(4ba86f10635d7034cac10dda5fb0e27e) Importer(815301076,1909f56bfc062723c751e8b465ee728b)  -> (artifact id: '7c9d2ab18f05a6b8a99222af83e65290') in 0.108504 seconds 
========================================================================
Received Import Request.
  Time since last request: 0.000022 seconds.
  path: Assets/Prefabs/Furniture/Source/Textures/couch_Normal.tga
  artifactKey: Guid(f201115348ec8204cb59b00508377eca) Importer(815301076,1909f56bfc062723c751e8b465ee728b)
Start importing Assets/Prefabs/Furniture/Source/Textures/couch_Normal.tga using Guid(f201115348ec8204cb59b00508377eca) Importer(815301076,1909f56bfc062723c751e8b465ee728b)  -> (artifact id: '92088c97fa3ef3594447fe103f8960d1') in 0.060365 seconds 
========================================================================
Received Import Request.
  Time since last request: 0.000036 seconds.
  path: Assets/Prefabs/Furniture/Source/Textures/komm2_BaseColor.tga
  artifactKey: Guid(9fbb0981c7b47bb4aa7c96257d163a0c) Importer(815301076,1909f56bfc062723c751e8b465ee728b)
Start importing Assets/Prefabs/Furniture/Source/Textures/komm2_BaseColor.tga using Guid(9fbb0981c7b47bb4aa7c96257d163a0c) Importer(815301076,1909f56bfc062723c751e8b465ee728b)  -> (artifact id: 'd66bb6b862e9e0d673170158724caa10') in 0.032759 seconds 
========================================================================
Received Import Request.
  Time since last request: 0.000034 seconds.
  path: Assets/Prefabs/Furniture/Source/Textures/fotel2D_BaseColor.tga
  artifactKey: Guid(bc479da0ad59e3f4180fba37878275f1) Importer(815301076,1909f56bfc062723c751e8b465ee728b)
Start importing Assets/Prefabs/Furniture/Source/Textures/fotel2D_BaseColor.tga using Guid(bc479da0ad59e3f4180fba37878275f1) Importer(815301076,1909f56bfc062723c751e8b465ee728b)  -> (artifact id: '6f172dc548f583d363e3a655d37b7d41') in 0.033032 seconds 
========================================================================
Received Import Request.
  Time since last request: 0.000071 seconds.
  path: Assets/Prefabs/Furniture/Source/Textures/couch_BaseColor.tga
  artifactKey: Guid(bb72810a10bdd4845b4c38addff488d5) Importer(815301076,1909f56bfc062723c751e8b465ee728b)
Start importing Assets/Prefabs/Furniture/Source/Textures/couch_BaseColor.tga using Guid(bb72810a10bdd4845b4c38addff488d5) Importer(815301076,1909f56bfc062723c751e8b465ee728b)  -> (artifact id: '3279586f3f6fb89051dd2e41a0a294e8') in 0.019184 seconds 
========================================================================
Received Import Request.
  Time since last request: 0.000033 seconds.
  path: Assets/Prefabs/Furniture/Source/Textures/chair_chair_Normal.png
  artifactKey: Guid(071983e8e477c2a438d2549a597b08e4) Importer(815301076,1909f56bfc062723c751e8b465ee728b)
Start importing Assets/Prefabs/Furniture/Source/Textures/chair_chair_Normal.png using Guid(071983e8e477c2a438d2549a597b08e4) Importer(815301076,1909f56bfc062723c751e8b465ee728b)  -> (artifact id: '7208a2e9e9231d02da6182245b5c4ba7') in 0.030501 seconds 
========================================================================
Received Import Request.
  Time since last request: 0.000036 seconds.
  path: Assets/Prefabs/Furniture/Source/Textures/closet2_mask.tga
  artifactKey: Guid(ed44f9274d13c3146abc4b9fcf4e7c52) Importer(815301076,1909f56bfc062723c751e8b465ee728b)
Start importing Assets/Prefabs/Furniture/Source/Textures/closet2_mask.tga using Guid(ed44f9274d13c3146abc4b9fcf4e7c52) Importer(815301076,1909f56bfc062723c751e8b465ee728b)  -> (artifact id: '82fa54b7b3bc678368ac9b5bedeb4877') in 0.016044 seconds 
========================================================================
Received Import Request.
  Time since last request: 0.000026 seconds.
  path: Assets/Prefabs/Furniture/Source/Textures/fotel2_BaseColor.tga
  artifactKey: Guid(5b9b4fdfc5a761b4b8b0a55a03597a4e) Importer(815301076,1909f56bfc062723c751e8b465ee728b)
Start importing Assets/Prefabs/Furniture/Source/Textures/fotel2_BaseColor.tga using Guid(5b9b4fdfc5a761b4b8b0a55a03597a4e) Importer(815301076,1909f56bfc062723c751e8b465ee728b)  -> (artifact id: 'fc7c7a285f6d2dbd432eac7f43f4a966') in 0.035092 seconds 
========================================================================
Received Import Request.
  Time since last request: 0.000076 seconds.
  path: Assets/Prefabs/Furniture/Source/Textures/Kom_mask.tga
  artifactKey: Guid(0077365039974c643b5e82731ad9261e) Importer(815301076,1909f56bfc062723c751e8b465ee728b)
Start importing Assets/Prefabs/Furniture/Source/Textures/Kom_mask.tga using Guid(0077365039974c643b5e82731ad9261e) Importer(815301076,1909f56bfc062723c751e8b465ee728b)  -> (artifact id: 'b06f41b10002575ce2cbc0c108f9ea20') in 0.026492 seconds 
========================================================================
Received Import Request.
  Time since last request: 0.000116 seconds.
  path: Assets/Prefabs/Furniture/Source/Textures/closet_BaseColor.tga
  artifactKey: Guid(b30fe4002f5cf234e8a13f459c809505) Importer(815301076,1909f56bfc062723c751e8b465ee728b)
Start importing Assets/Prefabs/Furniture/Source/Textures/closet_BaseColor.tga using Guid(b30fe4002f5cf234e8a13f459c809505) Importer(815301076,1909f56bfc062723c751e8b465ee728b)  -> (artifact id: 'b4f340cb63897447a55bba244cba3624') in 0.034215 seconds 
========================================================================
Received Import Request.
  Time since last request: 0.000033 seconds.
  path: Assets/Prefabs/Furniture/Source/Textures/closet3_BaseColor.tga
  artifactKey: Guid(cd212f4fadebc22448a1e2e0b71802a4) Importer(815301076,1909f56bfc062723c751e8b465ee728b)
Start importing Assets/Prefabs/Furniture/Source/Textures/closet3_BaseColor.tga using Guid(cd212f4fadebc22448a1e2e0b71802a4) Importer(815301076,1909f56bfc062723c751e8b465ee728b)  -> (artifact id: '8805513abfaa437568cf2284e02059cd') in 0.017141 seconds 
========================================================================
Received Import Request.
  Time since last request: 0.000030 seconds.
  path: Assets/Prefabs/Furniture/Source/Textures/closet2_Normal.png
  artifactKey: Guid(cdd8f54c64236c74ea519dc146c6579f) Importer(815301076,1909f56bfc062723c751e8b465ee728b)
Start importing Assets/Prefabs/Furniture/Source/Textures/closet2_Normal.png using Guid(cdd8f54c64236c74ea519dc146c6579f) Importer(815301076,1909f56bfc062723c751e8b465ee728b)  -> (artifact id: '598e43203069dae4c71650af702730e1') in 0.019666 seconds 
========================================================================
Received Import Request.
  Time since last request: 0.000049 seconds.
  path: Assets/Prefabs/Furniture/Source/Textures/RoundTable_Normal.tga
  artifactKey: Guid(c769d772c3e960b4cb4fde9b52101b27) Importer(815301076,1909f56bfc062723c751e8b465ee728b)
Start importing Assets/Prefabs/Furniture/Source/Textures/RoundTable_Normal.tga using Guid(c769d772c3e960b4cb4fde9b52101b27) Importer(815301076,1909f56bfc062723c751e8b465ee728b)  -> (artifact id: '5b7b20570a185781267e1ac318faf166') in 0.024437 seconds 
========================================================================
Received Import Request.
  Time since last request: 0.000065 seconds.
  path: Assets/Prefabs/Furniture/Source/Textures/Kom_BaseColor.tga
  artifactKey: Guid(ea6b039aad9f4e146b7d35aba839b4af) Importer(815301076,1909f56bfc062723c751e8b465ee728b)
Start importing Assets/Prefabs/Furniture/Source/Textures/Kom_BaseColor.tga using Guid(ea6b039aad9f4e146b7d35aba839b4af) Importer(815301076,1909f56bfc062723c751e8b465ee728b)  -> (artifact id: '0717deb504c7e9c61e29902dbb8d5a67') in 0.031575 seconds 
========================================================================
Received Import Request.
  Time since last request: 0.000034 seconds.
  path: Assets/Prefabs/Furniture/Source/Textures/MetalTable_mask.tga
  artifactKey: Guid(e529ab6846575444c8abcdcd06938b34) Importer(815301076,1909f56bfc062723c751e8b465ee728b)
Start importing Assets/Prefabs/Furniture/Source/Textures/MetalTable_mask.tga using Guid(e529ab6846575444c8abcdcd06938b34) Importer(815301076,1909f56bfc062723c751e8b465ee728b)  -> (artifact id: '167d5535e32bf184702d3c959561ce96') in 0.046284 seconds 
========================================================================
Received Import Request.
  Time since last request: 0.000067 seconds.
  path: Assets/Prefabs/Furniture/Source/Textures/fotel2D_Normal.tga
  artifactKey: Guid(69935d7f86f2bed45886b2eb30177bdc) Importer(815301076,1909f56bfc062723c751e8b465ee728b)
Start importing Assets/Prefabs/Furniture/Source/Textures/fotel2D_Normal.tga using Guid(69935d7f86f2bed45886b2eb30177bdc) Importer(815301076,1909f56bfc062723c751e8b465ee728b)  -> (artifact id: 'c80585e372fbfe005ab8c5d7b715144e') in 0.043478 seconds 
========================================================================
Received Import Request.
  Time since last request: 0.000036 seconds.
  path: Assets/Prefabs/Furniture/Source/Textures/MetalTable_BaseColor.tga
  artifactKey: Guid(0537723c27ace62489d52bc2a66314fc) Importer(815301076,1909f56bfc062723c751e8b465ee728b)
Start importing Assets/Prefabs/Furniture/Source/Textures/MetalTable_BaseColor.tga using Guid(0537723c27ace62489d52bc2a66314fc) Importer(815301076,1909f56bfc062723c751e8b465ee728b)  -> (artifact id: '377d22510a3e4349294324fccc2dee58') in 0.029998 seconds 
========================================================================
Received Import Request.
  Time since last request: 0.000039 seconds.
  path: Assets/Prefabs/Furniture/Source/Textures/MetalTable_Normal.tga
  artifactKey: Guid(21546a25b584c5047a08184b300200c2) Importer(815301076,1909f56bfc062723c751e8b465ee728b)
Start importing Assets/Prefabs/Furniture/Source/Textures/MetalTable_Normal.tga using Guid(21546a25b584c5047a08184b300200c2) Importer(815301076,1909f56bfc062723c751e8b465ee728b)  -> (artifact id: '49c2e44b462fc88fd7d9045607474e27') in 0.046107 seconds 
========================================================================
Received Import Request.
  Time since last request: 4.169152 seconds.
  path: Assets/Prefabs/Furniture/Source/Materials/closet3_BaseColor.mat
  artifactKey: Guid(3028c5f4db726d04c9cf801f6a720670) Importer(815301076,1909f56bfc062723c751e8b465ee728b)
Start importing Assets/Prefabs/Furniture/Source/Materials/closet3_BaseColor.mat using Guid(3028c5f4db726d04c9cf801f6a720670) Importer(815301076,1909f56bfc062723c751e8b465ee728b)  -> (artifact id: '4a64d67f2178c1962954fca754e34307') in 0.097075 seconds 
========================================================================
Received Import Request.
  Time since last request: 0.000033 seconds.
  path: Assets/Prefabs/Furniture/Source/Materials/RoundTable_BaseColor.mat
  artifactKey: Guid(84f03d68c57127346aa3ebb3bb5c8009) Importer(815301076,1909f56bfc062723c751e8b465ee728b)
Start importing Assets/Prefabs/Furniture/Source/Materials/RoundTable_BaseColor.mat using Guid(84f03d68c57127346aa3ebb3bb5c8009) Importer(815301076,1909f56bfc062723c751e8b465ee728b)  -> (artifact id: 'af6ea53401de116c65b957b131f40f1f') in 0.044962 seconds 
========================================================================
Received Import Request.
  Time since last request: 0.000050 seconds.
  path: Assets/Prefabs/Furniture/Source/Materials/Kom_BaseColor.mat
  artifactKey: Guid(50735be092ba0c449ae21a9c1a6195b8) Importer(815301076,1909f56bfc062723c751e8b465ee728b)
Start importing Assets/Prefabs/Furniture/Source/Materials/Kom_BaseColor.mat using Guid(50735be092ba0c449ae21a9c1a6195b8) Importer(815301076,1909f56bfc062723c751e8b465ee728b)  -> (artifact id: '75f0eff3128a173bcaa93908c2ac6faa') in 0.026260 seconds 
========================================================================
Received Import Request.
  Time since last request: 0.000046 seconds.
  path: Assets/Prefabs/Furniture/Source/Materials/MetalTable_BaseColor.mat
  artifactKey: Guid(30478f606bb42724abb4b3a08f9279d5) Importer(815301076,1909f56bfc062723c751e8b465ee728b)
Start importing Assets/Prefabs/Furniture/Source/Materials/MetalTable_BaseColor.mat using Guid(30478f606bb42724abb4b3a08f9279d5) Importer(815301076,1909f56bfc062723c751e8b465ee728b)  -> (artifact id: '33bfb22b2e113983d46f426c14ea669a') in 0.028073 seconds 
========================================================================
Received Import Request.
  Time since last request: 153.195351 seconds.
  path: Assets/Prefabs/Furniture/Source/Materials/2Seat_BaseColor.mat
  artifactKey: Guid(79764e7ca9884494cbe558b2bdb1d30b) Importer(815301076,1909f56bfc062723c751e8b465ee728b)
Start importing Assets/Prefabs/Furniture/Source/Materials/2Seat_BaseColor.mat using Guid(79764e7ca9884494cbe558b2bdb1d30b) Importer(815301076,1909f56bfc062723c751e8b465ee728b)  -> (artifact id: '1068e8b52fcd1b43865b8665a84cb1be') in 0.021691 seconds 
========================================================================
Received Import Request.
  Time since last request: 0.000020 seconds.
  path: Assets/Prefabs/Furniture/Source/Materials/closet2_BaseColor.mat
  artifactKey: Guid(22745fe35ff3d3a4491bedbd8f6e49b5) Importer(815301076,1909f56bfc062723c751e8b465ee728b)
Start importing Assets/Prefabs/Furniture/Source/Materials/closet2_BaseColor.mat using Guid(22745fe35ff3d3a4491bedbd8f6e49b5) Importer(815301076,1909f56bfc062723c751e8b465ee728b)  -> (artifact id: '1f2c18d8ab6d9abcd545f44aa6c6f90f') in 0.014159 seconds 
========================================================================
Received Import Request.
  Time since last request: 0.000045 seconds.
  path: Assets/Prefabs/Furniture/Source/Materials/couch_BaseColor.mat
  artifactKey: Guid(db493b3fe60ef33498992529fc74113a) Importer(815301076,1909f56bfc062723c751e8b465ee728b)
Start importing Assets/Prefabs/Furniture/Source/Materials/couch_BaseColor.mat using Guid(db493b3fe60ef33498992529fc74113a) Importer(815301076,1909f56bfc062723c751e8b465ee728b)  -> (artifact id: '253909e51d1a9f8aaba1d663eaace409') in 0.036968 seconds 
========================================================================
Received Import Request.
  Time since last request: 0.000032 seconds.
  path: Assets/Prefabs/Furniture/Source/Materials/Kom_BaseColor.mat
  artifactKey: Guid(50735be092ba0c449ae21a9c1a6195b8) Importer(815301076,1909f56bfc062723c751e8b465ee728b)
Start importing Assets/Prefabs/Furniture/Source/Materials/Kom_BaseColor.mat using Guid(50735be092ba0c449ae21a9c1a6195b8) Importer(815301076,1909f56bfc062723c751e8b465ee728b)  -> (artifact id: '55b2b776eac0df24e082a1ada4f8e65a') in 0.018212 seconds 
========================================================================
Received Import Request.
  Time since last request: 0.000021 seconds.
  path: Assets/Prefabs/Furniture/Source/Materials/MetalTable_BaseColor.mat
  artifactKey: Guid(30478f606bb42724abb4b3a08f9279d5) Importer(815301076,1909f56bfc062723c751e8b465ee728b)
Start importing Assets/Prefabs/Furniture/Source/Materials/MetalTable_BaseColor.mat using Guid(30478f606bb42724abb4b3a08f9279d5) Importer(815301076,1909f56bfc062723c751e8b465ee728b)  -> (artifact id: '1141f0fea860e1684847f918864cc5f3') in 0.025576 seconds 
========================================================================
Received Prepare
Refreshing native plugins compatible for Editor in 4.65 ms, found 3 plugins.
Preloading 0 native plugins for Editor in 0.00 ms.
Unloading 20 Unused Serialized files (Serialized files now loaded: 0)
Unloading 20 unused Assets / (78.0 KB). Loaded Objects now: 3954.
Memory consumption went from 54.8 MB to 54.7 MB.
Total: 4.939200 ms (FindLiveObjects: 0.281400 ms CreateObjectMapping: 0.170800 ms MarkObjects: 4.347800 ms  DeleteObjects: 0.137300 ms)

AssetImportParameters requested are different than current active one (requested -> active):
  custom:video-decoder-ogg-theora: a1e56fd34408186e4bbccfd4996cb3dc -> 
  custom:container-muxer-webm: aa71ff27fc2769a1b78a27578f13a17b -> 
  custom:container-demuxer-webm: 4f35f7cbe854078d1ac9338744f61a02 -> 
  custom:video-encoder-webm-vp8: eb34c28f22e8b96e1ab97ce403110664 -> 
  custom:video-codec-MediaFoundation-h265: 746d11721c4dcdbdad8f713fa42b33f4 -> 
  custom:audio-encoder-webm-vorbis: bf7c407c2cedff20999df2af8eb42d56 -> 
  custom:framework-win-MediaFoundation: 216162199b28c13a410421893ffa2e32 -> 
  custom:container-demuxer-ogg: 62fdf1f143b41e24485cea50d1cbac27 -> 
  custom:video-decoder-webm-vp8: 9c59270c3fd7afecdb556c50c9e8de78 -> 
  custom:audio-decoder-ogg-vorbis: bf7c407c2cedff20999df2af8eb42d56 -> 
Editor requested this worker to shutdown with reason: Scaling down because of idle timeout
AssetImportWorkerClient::OnTransportError - code=2 error=End of file
AssetImportWorker is now disconnected from the server
Process exiting
Exiting without the bug reporter. Application will terminate with return code 0