Using pre-set license
Built from '2021.3/release' branch; Version is '2021.3.17f1 (3e8111cac19d) revision 4096273'; Using compiler version '192829333'; Build Type 'Release'
OS: 'Windows 11  (10.0.22621) 64bit CoreCountrySpecific' Language: 'zh' Physical Memory: 32388 MB
BatchMode: 1, IsHumanControllingUs: 0, StartBugReporterOnCrash: 0, Is64bit: 1, IsPro: 1

COMMAND LINE ARGUMENTS:
D:\Unity\2021.3.17f1\Editor\Unity.exe
-adb2
-batchMode
-noUpm
-name
AssetImportWorker1
-projectPath
C:/Users/AgnesTachyon/My project
-logFile
Logs/AssetImportWorker1.log
-srvPort
8623
Successfully changed project path to: C:/Users/AgnesTachyon/My project
C:/Users/AgnesTachyon/My project
[UnityMemory] Configuration Parameters - Can be set up in boot.config
    "memorysetup-bucket-allocator-granularity=16"
    "memorysetup-bucket-allocator-bucket-count=8"
    "memorysetup-bucket-allocator-block-size=33554432"
    "memorysetup-bucket-allocator-block-count=8"
    "memorysetup-main-allocator-block-size=16777216"
    "memorysetup-thread-allocator-block-size=16777216"
    "memorysetup-gfx-main-allocator-block-size=16777216"
    "memorysetup-gfx-thread-allocator-block-size=16777216"
    "memorysetup-cache-allocator-block-size=4194304"
    "memorysetup-typetree-allocator-block-size=2097152"
    "memorysetup-profiler-bucket-allocator-granularity=16"
    "memorysetup-profiler-bucket-allocator-bucket-count=8"
    "memorysetup-profiler-bucket-allocator-block-size=33554432"
    "memorysetup-profiler-bucket-allocator-block-count=8"
    "memorysetup-profiler-allocator-block-size=16777216"
    "memorysetup-profiler-editor-allocator-block-size=1048576"
    "memorysetup-temp-allocator-size-main=16777216"
    "memorysetup-job-temp-allocator-block-size=2097152"
    "memorysetup-job-temp-allocator-block-size-background=1048576"
    "memorysetup-job-temp-allocator-reduction-small-platforms=262144"
    "memorysetup-temp-allocator-size-background-worker=32768"
    "memorysetup-temp-allocator-size-job-worker=262144"
    "memorysetup-temp-allocator-size-preload-manager=33554432"
    "memorysetup-temp-allocator-size-nav-mesh-worker=65536"
    "memorysetup-temp-allocator-size-audio-worker=65536"
    "memorysetup-temp-allocator-size-cloud-worker=32768"
    "memorysetup-temp-allocator-size-gi-baking-worker=262144"
    "memorysetup-temp-allocator-size-gfx=262144"
Player connection [58136] Host "[IP] 192.168.68.114 [Port] 0 [Flags] 2 [Guid] 2023451410 [EditorId] 2023451410 [Version] 1048832 [Id] WindowsEditor(7,牢固数字化意识) [Debug] 1 [PackageName] WindowsEditor [ProjectName] Editor" joined multi-casting on [225.0.0.222:54997]...

Player connection [58136] Host "[IP] 192.168.68.114 [Port] 0 [Flags] 2 [Guid] 2023451410 [EditorId] 2023451410 [Version] 1048832 [Id] WindowsEditor(7,牢固数字化意识) [Debug] 1 [PackageName] WindowsEditor [ProjectName] Editor" joined alternative multi-casting on [225.0.0.222:34997]...

Refreshing native plugins compatible for Editor in 55.73 ms, found 3 plugins.
Preloading 0 native plugins for Editor in 0.00 ms.
Initialize engine version: 2021.3.17f1 (3e8111cac19d)
[Subsystems] Discovering subsystems at path D:/Unity/2021.3.17f1/Editor/Data/Resources/UnitySubsystems
[Subsystems] Discovering subsystems at path C:/Users/AgnesTachyon/My project/Assets
GfxDevice: creating device client; threaded=0; jobified=0
Direct3D:
    Version:  Direct3D 11.0 [level 11.1]
    Renderer: NVIDIA GeForce RTX 3060 Laptop GPU (ID=0x2520)
    Vendor:   NVIDIA
    VRAM:     6023 MB
    Driver:   31.0.15.1691
Initialize mono
Mono path[0] = 'D:/Unity/2021.3.17f1/Editor/Data/Managed'
Mono path[1] = 'D:/Unity/2021.3.17f1/Editor/Data/MonoBleedingEdge/lib/mono/unityjit-win32'
Mono config path = 'D:/Unity/2021.3.17f1/Editor/Data/MonoBleedingEdge/etc'
Using monoOptions --debugger-agent=transport=dt_socket,embedding=1,server=y,suspend=n,address=127.0.0.1:56912
Begin MonoManager ReloadAssembly
Registering precompiled unity dll's ...
Register platform support module: D:/Unity/2021.3.17f1/Editor/Data/PlaybackEngines/WindowsStandaloneSupport/UnityEditor.WindowsStandalone.Extensions.dll
Registered in 0.001028 seconds.
Native extension for WindowsStandalone target not found
Refreshing native plugins compatible for Editor in 57.07 ms, found 3 plugins.
Preloading 0 native plugins for Editor in 0.00 ms.
Mono: successfully reloaded assembly
- Completed reload, in  0.467 seconds
Domain Reload Profiling:
	ReloadAssembly (468ms)
		BeginReloadAssembly (47ms)
			ExecutionOrderSort (0ms)
			DisableScriptedObjects (0ms)
			BackupInstance (0ms)
			ReleaseScriptingObjects (0ms)
			CreateAndSetChildDomain (1ms)
		EndReloadAssembly (349ms)
			LoadAssemblies (47ms)
			RebuildTransferFunctionScriptingTraits (0ms)
			SetupTypeCache (83ms)
			ReleaseScriptCaches (0ms)
			RebuildScriptCaches (21ms)
			SetupLoadedEditorAssemblies (206ms)
				LogAssemblyErrors (0ms)
				InitializePlatformSupportModulesInManaged (5ms)
				SetLoadedEditorAssemblies (0ms)
				RefreshPlugins (57ms)
				BeforeProcessingInitializeOnLoad (1ms)
				ProcessInitializeOnLoadAttributes (107ms)
				ProcessInitializeOnLoadMethodAttributes (36ms)
				AfterProcessingInitializeOnLoad (0ms)
				EditorAssembliesLoaded (0ms)
			ExecutionOrderSort2 (0ms)
			AwakeInstancesAfterBackupRestoration (0ms)
Platform modules already initialized, skipping
Registering precompiled user dll's ...
Registered in 0.002862 seconds.
Begin MonoManager ReloadAssembly
Symbol file LoadedFromMemory doesn't match image C:\Users\AgnesTachyon\My project\Library\PackageCache\com.unity.visualscripting@1.8.0\Editor\VisualScripting.Core\Dependencies\YamlDotNet\Unity.VisualScripting.YamlDotNet.dll
Symbol file LoadedFromMemory doesn't match image C:\Users\AgnesTachyon\My project\Library\PackageCache\com.unity.visualscripting@1.8.0\Editor\VisualScripting.Core\Dependencies\DotNetZip\Unity.VisualScripting.IonicZip.dll
Native extension for WindowsStandalone target not found
Refreshing native plugins compatible for Editor in 0.47 ms, found 3 plugins.
Preloading 0 native plugins for Editor in 0.00 ms.
Mono: successfully reloaded assembly
- Completed reload, in  0.745 seconds
Domain Reload Profiling:
	ReloadAssembly (746ms)
		BeginReloadAssembly (72ms)
			ExecutionOrderSort (0ms)
			DisableScriptedObjects (4ms)
			BackupInstance (0ms)
			ReleaseScriptingObjects (0ms)
			CreateAndSetChildDomain (14ms)
		EndReloadAssembly (594ms)
			LoadAssemblies (53ms)
			RebuildTransferFunctionScriptingTraits (0ms)
			SetupTypeCache (197ms)
			ReleaseScriptCaches (0ms)
			RebuildScriptCaches (37ms)
			SetupLoadedEditorAssemblies (267ms)
				LogAssemblyErrors (0ms)
				InitializePlatformSupportModulesInManaged (3ms)
				SetLoadedEditorAssemblies (0ms)
				RefreshPlugins (1ms)
				BeforeProcessingInitializeOnLoad (58ms)
				ProcessInitializeOnLoadAttributes (180ms)
				ProcessInitializeOnLoadMethodAttributes (24ms)
				AfterProcessingInitializeOnLoad (1ms)
				EditorAssembliesLoaded (0ms)
			ExecutionOrderSort2 (0ms)
			AwakeInstancesAfterBackupRestoration (5ms)
Platform modules already initialized, skipping
========================================================================
Worker process is ready to serve import requests
Launched and connected shader compiler UnityShaderCompiler.exe after 0.14 seconds
Refreshing native plugins compatible for Editor in 0.49 ms, found 3 plugins.
Preloading 0 native plugins for Editor in 0.00 ms.
Unloading 3450 Unused Serialized files (Serialized files now loaded: 0)
Unloading 27 unused Assets / (113.5 KB). Loaded Objects now: 3908.
Memory consumption went from 120.0 MB to 119.8 MB.
Total: 2.439900 ms (FindLiveObjects: 0.187300 ms CreateObjectMapping: 0.083500 ms MarkObjects: 2.076800 ms  DeleteObjects: 0.091300 ms)

AssetImportParameters requested are different than current active one (requested -> active):
  custom:video-decoder-ogg-theora: a1e56fd34408186e4bbccfd4996cb3dc -> 
  custom:container-muxer-webm: aa71ff27fc2769a1b78a27578f13a17b -> 
  custom:container-demuxer-webm: 4f35f7cbe854078d1ac9338744f61a02 -> 
  custom:video-encoder-webm-vp8: eb34c28f22e8b96e1ab97ce403110664 -> 
  custom:video-codec-MediaFoundation-h265: 746d11721c4dcdbdad8f713fa42b33f4 -> 
  custom:audio-encoder-webm-vorbis: bf7c407c2cedff20999df2af8eb42d56 -> 
  custom:framework-win-MediaFoundation: 216162199b28c13a410421893ffa2e32 -> 
  custom:container-demuxer-ogg: 62fdf1f143b41e24485cea50d1cbac27 -> 
  custom:video-decoder-webm-vp8: 9c59270c3fd7afecdb556c50c9e8de78 -> 
  custom:audio-decoder-ogg-vorbis: bf7c407c2cedff20999df2af8eb42d56 -> 
========================================================================
Received Import Request.
  Time since last request: 269527.177709 seconds.
  path: Assets/Prefabs/Furniture/Source
  artifactKey: Guid(b2011475d4db79941a946e843e963076) Importer(815301076,1909f56bfc062723c751e8b465ee728b)
Start importing Assets/Prefabs/Furniture/Source using Guid(b2011475d4db79941a946e843e963076) Importer(815301076,1909f56bfc062723c751e8b465ee728b)  -> (artifact id: 'fe3509c1e7befe597998458e3bdaae5f') in 0.008669 seconds 
========================================================================
Received Import Request.
  Time since last request: 30.660458 seconds.
  path: Assets/Prefabs/Furniture/Source/Textures/chair_chair_Metallic.tga
  artifactKey: Guid(8cc7c3d1a987f8944896f44f18284a51) Importer(815301076,1909f56bfc062723c751e8b465ee728b)
Start importing Assets/Prefabs/Furniture/Source/Textures/chair_chair_Metallic.tga using Guid(8cc7c3d1a987f8944896f44f18284a51) Importer(815301076,1909f56bfc062723c751e8b465ee728b)  -> (artifact id: 'b05314387cd93c688e0629fe4886709c') in 0.108192 seconds 
========================================================================
Received Import Request.
  Time since last request: 0.000030 seconds.
  path: Assets/Prefabs/Furniture/Source/Textures/fotel2_Normal.tga
  artifactKey: Guid(df33d9bee18fb4d4996dcb12d1f0c3d7) Importer(815301076,1909f56bfc062723c751e8b465ee728b)
Start importing Assets/Prefabs/Furniture/Source/Textures/fotel2_Normal.tga using Guid(df33d9bee18fb4d4996dcb12d1f0c3d7) Importer(815301076,1909f56bfc062723c751e8b465ee728b)  -> (artifact id: 'ba2623bc9cf79c435f9c9aec0faf86ff') in 0.086187 seconds 
========================================================================
Received Import Request.
  Time since last request: 0.000066 seconds.
  path: Assets/Prefabs/Furniture/Source/Textures/RoundTable_BaseColor.tga
  artifactKey: Guid(2cdbbeb780911dd49ad1dc94c0a3d46b) Importer(815301076,1909f56bfc062723c751e8b465ee728b)
Start importing Assets/Prefabs/Furniture/Source/Textures/RoundTable_BaseColor.tga using Guid(2cdbbeb780911dd49ad1dc94c0a3d46b) Importer(815301076,1909f56bfc062723c751e8b465ee728b)  -> (artifact id: '2a56c4907e8ab2a228ca89edb9122fd5') in 0.031714 seconds 
========================================================================
Received Import Request.
  Time since last request: 0.000021 seconds.
  path: Assets/Prefabs/Furniture/Source/Textures/closet_mask.tga
  artifactKey: Guid(d341078a1b455be4f9a278550b31fb3d) Importer(815301076,1909f56bfc062723c751e8b465ee728b)
Start importing Assets/Prefabs/Furniture/Source/Textures/closet_mask.tga using Guid(d341078a1b455be4f9a278550b31fb3d) Importer(815301076,1909f56bfc062723c751e8b465ee728b)  -> (artifact id: '988abe86ac705e4269b0ef7256fa5a64') in 0.038656 seconds 
========================================================================
Received Import Request.
  Time since last request: 0.000094 seconds.
  path: Assets/Prefabs/Furniture/Source/Textures/fotel2_mask.tga
  artifactKey: Guid(0fb7f90caa5da0a47a20c31f8d66dfdb) Importer(815301076,1909f56bfc062723c751e8b465ee728b)
Start importing Assets/Prefabs/Furniture/Source/Textures/fotel2_mask.tga using Guid(0fb7f90caa5da0a47a20c31f8d66dfdb) Importer(815301076,1909f56bfc062723c751e8b465ee728b)  -> (artifact id: 'a59fd465b4a831e2266b59c63182df59') in 0.049917 seconds 
========================================================================
Received Import Request.
  Time since last request: 0.000020 seconds.
  path: Assets/Prefabs/Furniture/Source/Textures/Kom_Normal.png
  artifactKey: Guid(81f27ea03c185a843bcb8d8bf17f2d2c) Importer(815301076,1909f56bfc062723c751e8b465ee728b)
Start importing Assets/Prefabs/Furniture/Source/Textures/Kom_Normal.png using Guid(81f27ea03c185a843bcb8d8bf17f2d2c) Importer(815301076,1909f56bfc062723c751e8b465ee728b)  -> (artifact id: 'd65ea1c40e5dfd8ae0d07197caf232f4') in 0.033575 seconds 
========================================================================
Received Import Request.
  Time since last request: 0.000111 seconds.
  path: Assets/Prefabs/Furniture/Source/Textures/closet_Normal.tga
  artifactKey: Guid(2d2dac88e37b65f4fae79adc3d8ce43d) Importer(815301076,1909f56bfc062723c751e8b465ee728b)
Start importing Assets/Prefabs/Furniture/Source/Textures/closet_Normal.tga using Guid(2d2dac88e37b65f4fae79adc3d8ce43d) Importer(815301076,1909f56bfc062723c751e8b465ee728b)  -> (artifact id: '78609e9b41dbc4a2c355740a119ba81e') in 0.040232 seconds 
========================================================================
Received Import Request.
  Time since last request: 0.000034 seconds.
  path: Assets/Prefabs/Furniture/Source/Textures/closet3_mask.tga
  artifactKey: Guid(0a92627edb3f2114c857823f98e99c5c) Importer(815301076,1909f56bfc062723c751e8b465ee728b)
Start importing Assets/Prefabs/Furniture/Source/Textures/closet3_mask.tga using Guid(0a92627edb3f2114c857823f98e99c5c) Importer(815301076,1909f56bfc062723c751e8b465ee728b)  -> (artifact id: 'd27c266a0198f898aa636043332e672c') in 0.018496 seconds 
========================================================================
Received Import Request.
  Time since last request: 0.000037 seconds.
  path: Assets/Prefabs/Furniture/Source/Textures/RoundTable_mask.tga
  artifactKey: Guid(2d82b954c8fa37e4dadbd2bdc219ea2f) Importer(815301076,1909f56bfc062723c751e8b465ee728b)
Start importing Assets/Prefabs/Furniture/Source/Textures/RoundTable_mask.tga using Guid(2d82b954c8fa37e4dadbd2bdc219ea2f) Importer(815301076,1909f56bfc062723c751e8b465ee728b)  -> (artifact id: '37119e5aa2abfa1de1f3e68973c4549a') in 0.027856 seconds 
========================================================================
Received Import Request.
  Time since last request: 0.000029 seconds.
  path: Assets/Prefabs/Furniture/Source/Textures/couch_mask.tga
  artifactKey: Guid(49ec408c83351b34490bba7a2e7b7d0d) Importer(815301076,1909f56bfc062723c751e8b465ee728b)
Start importing Assets/Prefabs/Furniture/Source/Textures/couch_mask.tga using Guid(49ec408c83351b34490bba7a2e7b7d0d) Importer(815301076,1909f56bfc062723c751e8b465ee728b)  -> (artifact id: '1739be8a619d277ceafb8d3149d0cf61') in 0.019954 seconds 
========================================================================
Received Import Request.
  Time since last request: 0.000030 seconds.
  path: Assets/Prefabs/Furniture/Source/Textures/closet3_Normal.png
  artifactKey: Guid(9b9805e3413e736459fea4fb7f7cbccd) Importer(815301076,1909f56bfc062723c751e8b465ee728b)
Start importing Assets/Prefabs/Furniture/Source/Textures/closet3_Normal.png using Guid(9b9805e3413e736459fea4fb7f7cbccd) Importer(815301076,1909f56bfc062723c751e8b465ee728b)  -> (artifact id: '4c82063d49ec2c6a8d35732ba99aa436') in 0.019057 seconds 
========================================================================
Received Import Request.
  Time since last request: 0.000035 seconds.
  path: Assets/Prefabs/Furniture/Source/Textures/komm2_Normal.png
  artifactKey: Guid(b30f3540dbfc6ab49aceb559e7a42da8) Importer(815301076,1909f56bfc062723c751e8b465ee728b)
Start importing Assets/Prefabs/Furniture/Source/Textures/komm2_Normal.png using Guid(b30f3540dbfc6ab49aceb559e7a42da8) Importer(815301076,1909f56bfc062723c751e8b465ee728b)  -> (artifact id: '89c3a1738f59f3036b53b3ffa95f9e67') in 0.043977 seconds 
========================================================================
Received Import Request.
  Time since last request: 0.000025 seconds.
  path: Assets/Prefabs/Furniture/Source/Textures/fotel2D_mask.tga
  artifactKey: Guid(d6c5dcab38d2a04459dc873b609af790) Importer(815301076,1909f56bfc062723c751e8b465ee728b)
Start importing Assets/Prefabs/Furniture/Source/Textures/fotel2D_mask.tga using Guid(d6c5dcab38d2a04459dc873b609af790) Importer(815301076,1909f56bfc062723c751e8b465ee728b)  -> (artifact id: '8ba055af4b82d1d1064daed2a1114eca') in 0.059644 seconds 
========================================================================
Received Import Request.
  Time since last request: 0.000035 seconds.
  path: Assets/Prefabs/Furniture/Source/Textures/closet2_BaseColor.tga
  artifactKey: Guid(3cf2e71fd5326784aba059aa990ce25c) Importer(815301076,1909f56bfc062723c751e8b465ee728b)
Start importing Assets/Prefabs/Furniture/Source/Textures/closet2_BaseColor.tga using Guid(3cf2e71fd5326784aba059aa990ce25c) Importer(815301076,1909f56bfc062723c751e8b465ee728b)  -> (artifact id: '14bc13602c9bb51866cc9f96df5bc2e9') in 0.019792 seconds 
========================================================================
Received Import Request.
  Time since last request: 0.000104 seconds.
  path: Assets/Prefabs/Furniture/Source/Textures/komm2_mask.tga
  artifactKey: Guid(a1668777f602f39458d5e305d1360da7) Importer(815301076,1909f56bfc062723c751e8b465ee728b)
Start importing Assets/Prefabs/Furniture/Source/Textures/komm2_mask.tga using Guid(a1668777f602f39458d5e305d1360da7) Importer(815301076,1909f56bfc062723c751e8b465ee728b)  -> (artifact id: '9e8847f89f1e327a3a5eb64c6f1c89f8') in 0.035918 seconds 
========================================================================
Received Import Request.
  Time since last request: 4.214268 seconds.
  path: Assets/Prefabs/Furniture/Source/Materials/closet_BaseColor.mat
  artifactKey: Guid(f6a97756ab140494c88bc5f4aac12a1f) Importer(815301076,1909f56bfc062723c751e8b465ee728b)
Start importing Assets/Prefabs/Furniture/Source/Materials/closet_BaseColor.mat using Guid(f6a97756ab140494c88bc5f4aac12a1f) Importer(815301076,1909f56bfc062723c751e8b465ee728b)  -> (artifact id: '14501542edadd73536442a95eef7d793') in 0.095696 seconds 
========================================================================
Received Import Request.
  Time since last request: 0.000097 seconds.
  path: Assets/Prefabs/Furniture/Source/Materials/fotel2_BaseColor.mat
  artifactKey: Guid(5f8bd68770af8084bad71e5e368e73d3) Importer(815301076,1909f56bfc062723c751e8b465ee728b)
Start importing Assets/Prefabs/Furniture/Source/Materials/fotel2_BaseColor.mat using Guid(5f8bd68770af8084bad71e5e368e73d3) Importer(815301076,1909f56bfc062723c751e8b465ee728b)  -> (artifact id: 'e5bc3d99415e651a1279ce058785b996') in 0.051091 seconds 
========================================================================
Received Import Request.
  Time since last request: 0.000032 seconds.
  path: Assets/Prefabs/Furniture/Source/Materials/komm2_BaseColor.mat
  artifactKey: Guid(331e08cdd401b9445adbabe2ad6b1da7) Importer(815301076,1909f56bfc062723c751e8b465ee728b)
Start importing Assets/Prefabs/Furniture/Source/Materials/komm2_BaseColor.mat using Guid(331e08cdd401b9445adbabe2ad6b1da7) Importer(815301076,1909f56bfc062723c751e8b465ee728b)  -> (artifact id: '7922d090b2091aad6e4c1e41f48731ff') in 0.032848 seconds 
========================================================================
Received Import Request.
  Time since last request: 0.000129 seconds.
  path: Assets/Prefabs/Furniture/Source/Materials/fotel2D_BaseColor.mat
  artifactKey: Guid(efa9631d2150a2d47bd7d38728829ef5) Importer(815301076,1909f56bfc062723c751e8b465ee728b)
Start importing Assets/Prefabs/Furniture/Source/Materials/fotel2D_BaseColor.mat using Guid(efa9631d2150a2d47bd7d38728829ef5) Importer(815301076,1909f56bfc062723c751e8b465ee728b)  -> (artifact id: '240a354690ab1cd4b7864ff73c040001') in 0.025968 seconds 
========================================================================
Received Import Request.
  Time since last request: 153.186680 seconds.
  path: Assets/Prefabs/Furniture/Source/Materials/2SeatD_BaseColor.mat
  artifactKey: Guid(ccba79b675706c24b9844d369f23ade1) Importer(815301076,1909f56bfc062723c751e8b465ee728b)
Start importing Assets/Prefabs/Furniture/Source/Materials/2SeatD_BaseColor.mat using Guid(ccba79b675706c24b9844d369f23ade1) Importer(815301076,1909f56bfc062723c751e8b465ee728b)  -> (artifact id: '745e921384b6bbc239bbf917300cf1b2') in 0.022185 seconds 
========================================================================
Received Import Request.
  Time since last request: 0.000740 seconds.
  path: Assets/Prefabs/Furniture/Source/Materials/fotel2_BaseColor.mat
  artifactKey: Guid(5f8bd68770af8084bad71e5e368e73d3) Importer(815301076,1909f56bfc062723c751e8b465ee728b)
Start importing Assets/Prefabs/Furniture/Source/Materials/fotel2_BaseColor.mat using Guid(5f8bd68770af8084bad71e5e368e73d3) Importer(815301076,1909f56bfc062723c751e8b465ee728b)  -> (artifact id: '7021cbbcd645e4ff9e82edf234d34593') in 0.014100 seconds 
========================================================================
Received Import Request.
  Time since last request: 0.000022 seconds.
  path: Assets/Prefabs/Furniture/Source/Materials/closet3_BaseColor.mat
  artifactKey: Guid(3028c5f4db726d04c9cf801f6a720670) Importer(815301076,1909f56bfc062723c751e8b465ee728b)
Start importing Assets/Prefabs/Furniture/Source/Materials/closet3_BaseColor.mat using Guid(3028c5f4db726d04c9cf801f6a720670) Importer(815301076,1909f56bfc062723c751e8b465ee728b)  -> (artifact id: '530526712daad9c9067bc33c2a7169ad') in 0.030268 seconds 
========================================================================
Received Import Request.
  Time since last request: 0.000049 seconds.
  path: Assets/Prefabs/Furniture/Source/Materials/closet_BaseColor.mat
  artifactKey: Guid(f6a97756ab140494c88bc5f4aac12a1f) Importer(815301076,1909f56bfc062723c751e8b465ee728b)
Start importing Assets/Prefabs/Furniture/Source/Materials/closet_BaseColor.mat using Guid(f6a97756ab140494c88bc5f4aac12a1f) Importer(815301076,1909f56bfc062723c751e8b465ee728b)  -> (artifact id: '48c8b8c3c3c96250cc8ec018b7c3a15b') in 0.018963 seconds 
========================================================================
Received Import Request.
  Time since last request: 0.000034 seconds.
  path: Assets/Prefabs/Furniture/Source/Materials/komm2_BaseColor.mat
  artifactKey: Guid(331e08cdd401b9445adbabe2ad6b1da7) Importer(815301076,1909f56bfc062723c751e8b465ee728b)
Start importing Assets/Prefabs/Furniture/Source/Materials/komm2_BaseColor.mat using Guid(331e08cdd401b9445adbabe2ad6b1da7) Importer(815301076,1909f56bfc062723c751e8b465ee728b)  -> (artifact id: '2ded1a7ac22f3e34a9f9efc0836a9628') in 0.015684 seconds 
========================================================================
Received Import Request.
  Time since last request: 0.000050 seconds.
  path: Assets/Prefabs/Furniture/Source/Materials/fotel2D_BaseColor.mat
  artifactKey: Guid(efa9631d2150a2d47bd7d38728829ef5) Importer(815301076,1909f56bfc062723c751e8b465ee728b)
Start importing Assets/Prefabs/Furniture/Source/Materials/fotel2D_BaseColor.mat using Guid(efa9631d2150a2d47bd7d38728829ef5) Importer(815301076,1909f56bfc062723c751e8b465ee728b)  -> (artifact id: 'f08792aafb8c2d9531452f5e5dab1cd4') in 0.022121 seconds 
========================================================================
Received Prepare
Refreshing native plugins compatible for Editor in 7.14 ms, found 3 plugins.
Preloading 0 native plugins for Editor in 0.00 ms.
Unloading 20 Unused Serialized files (Serialized files now loaded: 0)
Unloading 20 unused Assets / (78.0 KB). Loaded Objects now: 3954.
Memory consumption went from 54.7 MB to 54.7 MB.
Total: 5.537200 ms (FindLiveObjects: 0.373900 ms CreateObjectMapping: 0.300700 ms MarkObjects: 4.741900 ms  DeleteObjects: 0.119400 ms)

AssetImportParameters requested are different than current active one (requested -> active):
  custom:video-decoder-ogg-theora: a1e56fd34408186e4bbccfd4996cb3dc -> 
  custom:container-muxer-webm: aa71ff27fc2769a1b78a27578f13a17b -> 
  custom:container-demuxer-webm: 4f35f7cbe854078d1ac9338744f61a02 -> 
  custom:video-encoder-webm-vp8: eb34c28f22e8b96e1ab97ce403110664 -> 
  custom:video-codec-MediaFoundation-h265: 746d11721c4dcdbdad8f713fa42b33f4 -> 
  custom:audio-encoder-webm-vorbis: bf7c407c2cedff20999df2af8eb42d56 -> 
  custom:framework-win-MediaFoundation: 216162199b28c13a410421893ffa2e32 -> 
  custom:container-demuxer-ogg: 62fdf1f143b41e24485cea50d1cbac27 -> 
  custom:video-decoder-webm-vp8: 9c59270c3fd7afecdb556c50c9e8de78 -> 
  custom:audio-decoder-ogg-vorbis: bf7c407c2cedff20999df2af8eb42d56 -> 
Editor requested this worker to shutdown with reason: Scaling down because of idle timeout
AssetImportWorker is now disconnected from the server
Process exiting
Exiting without the bug reporter. Application will terminate with return code 0